# JRE version: OpenJDK Runtime Environment (11.0.8+10) (build 11.0.8+10-b944.6842174)
# Java VM: OpenJDK 64-Bit Server VM (11.0.8+10-b944.6842174, mixed mode, tiered, compressed oops, g1 gc, windows-amd64)
Heap:
 garbage-first heap   total 299008K, used 140599K [0x0000000080000000, 0x0000000100000000)
  region size 1024K, 2 young (2048K), 2 survivors (2048K)
 Metaspace       used 148902K, capacity 153175K, committed 153420K, reserved 1183744K
  class space    used 18555K, capacity 20066K, committed 20096K, reserved 1048576K
GC Heap History (20 events):
Event: 5739.448 GC heap after
{Heap after GC invocations=174 (full 0):
 garbage-first heap   total 206848K, used 122051K [0x0000000080000000, 0x0000000100000000)
  region size 1024K, 6 young (6144K), 6 survivors (6144K)
 Metaspace       used 138146K, capacity 142154K, committed 142284K, reserved 1173504K
  class space    used 17248K, capacity 18659K, committed 18688K, reserved 1048576K
}
Event: 5739.759 GC heap before
{Heap before GC invocations=174 (full 0):
 garbage-first heap   total 206848K, used 125123K [0x0000000080000000, 0x0000000100000000)
  region size 1024K, 10 young (10240K), 6 survivors (6144K)
 Metaspace       used 138313K, capacity 142346K, committed 142540K, reserved 1173504K
  class space    used 17255K, capacity 18659K, committed 18688K, reserved 1048576K
}
Event: 5739.806 GC heap after
{Heap after GC invocations=175 (full 0):
 garbage-first heap   total 206848K, used 108919K [0x0000000080000000, 0x0000000100000000)
  region size 1024K, 1 young (1024K), 1 survivors (1024K)
 Metaspace       used 138313K, capacity 142346K, committed 142540K, reserved 1173504K
  class space    used 17255K, capacity 18659K, committed 18688K, reserved 1048576K
}
Event: 5749.529 GC heap before
{Heap before GC invocations=175 (full 0):
 garbage-first heap   total 206848K, used 165239K [0x0000000080000000, 0x0000000100000000)
  region size 1024K, 57 young (58368K), 1 survivors (1024K)
 Metaspace       used 139580K, capacity 143656K, committed 143692K, reserved 1173504K
  class space    used 17385K, capacity 18811K, committed 18816K, reserved 1048576K
}
Event: 5749.572 GC heap after
{Heap after GC invocations=176 (full 0):
 garbage-first heap   total 206848K, used 114643K [0x0000000080000000, 0x0000000100000000)
  region size 1024K, 7 young (7168K), 7 survivors (7168K)
 Metaspace       used 139580K, capacity 143656K, committed 143692K, reserved 1173504K
  class space    used 17385K, capacity 18811K, committed 18816K, reserved 1048576K
}
Event: 5750.661 GC heap before
{Heap before GC invocations=177 (full 0):
 garbage-first heap   total 206848K, used 166867K [0x0000000080000000, 0x0000000100000000)
  region size 1024K, 59 young (60416K), 7 survivors (7168K)
 Metaspace       used 140182K, capacity 144280K, committed 144588K, reserved 1175552K
  class space    used 17436K, capacity 18888K, committed 18944K, reserved 1048576K
}
Event: 5750.694 GC heap after
{Heap after GC invocations=178 (full 0):
 garbage-first heap   total 248832K, used 115192K [0x0000000080000000, 0x0000000100000000)
  region size 1024K, 2 young (2048K), 2 survivors (2048K)
 Metaspace       used 140182K, capacity 144280K, committed 144588K, reserved 1175552K
  class space    used 17436K, capacity 18888K, committed 18944K, reserved 1048576K
}
Event: 5750.984 GC heap before
{Heap before GC invocations=178 (full 0):
 garbage-first heap   total 248832K, used 125432K [0x0000000080000000, 0x0000000100000000)
  region size 1024K, 12 young (12288K), 2 survivors (2048K)
 Metaspace       used 140332K, capacity 144411K, committed 144588K, reserved 1175552K
  class space    used 17455K, capacity 18889K, committed 18944K, reserved 1048576K
}
Event: 5750.999 GC heap after
{Heap after GC invocations=179 (full 0):
 garbage-first heap   total 248832K, used 113093K [0x0000000080000000, 0x0000000100000000)
  region size 1024K, 1 young (1024K), 1 survivors (1024K)
 Metaspace       used 140332K, capacity 144411K, committed 144588K, reserved 1175552K
  class space    used 17455K, capacity 18889K, committed 18944K, reserved 1048576K
}
Event: 5753.252 GC heap before
{Heap before GC invocations=179 (full 0):
 garbage-first heap   total 248832K, used 149957K [0x0000000080000000, 0x0000000100000000)
  region size 1024K, 38 young (38912K), 1 survivors (1024K)
 Metaspace       used 140814K, capacity 144872K, committed 145100K, reserved 1175552K
  class space    used 17485K, capacity 18893K, committed 18944K, reserved 1048576K
}
Event: 5753.304 GC heap after
{Heap after GC invocations=180 (full 0):
 garbage-first heap   total 248832K, used 118583K [0x0000000080000000, 0x0000000100000000)
  region size 1024K, 6 young (6144K), 6 survivors (6144K)
 Metaspace       used 140814K, capacity 144872K, committed 145100K, reserved 1175552K
  class space    used 17485K, capacity 18893K, committed 18944K, reserved 1048576K
}
Event: 5757.767 GC heap before
{Heap before GC invocations=181 (full 0):
 garbage-first heap   total 248832K, used 197431K [0x0000000080000000, 0x0000000100000000)
  region size 1024K, 81 young (82944K), 6 survivors (6144K)
 Metaspace       used 141464K, capacity 145525K, committed 145612K, reserved 1175552K
  class space    used 17506K, capacity 18909K, committed 18944K, reserved 1048576K
}
Event: 5757.878 GC heap after
{Heap after GC invocations=182 (full 0):
 garbage-first heap   total 248832K, used 133008K [0x0000000080000000, 0x0000000100000000)
  region size 1024K, 11 young (11264K), 11 survivors (11264K)
 Metaspace       used 141464K, capacity 145525K, committed 145612K, reserved 1175552K
  class space    used 17506K, capacity 18909K, committed 18944K, reserved 1048576K
}
Event: 5757.997 GC heap before
{Heap before GC invocations=182 (full 0):
 garbage-first heap   total 248832K, used 134032K [0x0000000080000000, 0x0000000100000000)
  region size 1024K, 12 young (12288K), 11 survivors (11264K)
 Metaspace       used 141504K, capacity 145589K, committed 145868K, reserved 1175552K
  class space    used 17506K, capacity 18909K, committed 18944K, reserved 1048576K
}
Event: 5758.086 GC heap after
{Heap after GC invocations=183 (full 0):
 garbage-first heap   total 248832K, used 134486K [0x0000000080000000, 0x0000000100000000)
  region size 1024K, 2 young (2048K), 2 survivors (2048K)
 Metaspace       used 141504K, capacity 145589K, committed 145868K, reserved 1175552K
  class space    used 17506K, capacity 18909K, committed 18944K, reserved 1048576K
}
Event: 5758.625 GC heap before
{Heap before GC invocations=183 (full 0):
 garbage-first heap   total 248832K, used 143702K [0x0000000080000000, 0x0000000100000000)
  region size 1024K, 13 young (13312K), 2 survivors (2048K)
 Metaspace       used 141646K, capacity 145720K, committed 145868K, reserved 1175552K
  class space    used 17515K, capacity 18910K, committed 18944K, reserved 1048576K
}
Event: 5758.642 GC heap after
{Heap after GC invocations=184 (full 0):
 garbage-first heap   total 248832K, used 133467K [0x0000000080000000, 0x0000000100000000)
  region size 1024K, 1 young (1024K), 1 survivors (1024K)
 Metaspace       used 141646K, capacity 145720K, committed 145868K, reserved 1175552K
  class space    used 17515K, capacity 18910K, committed 18944K, reserved 1048576K
}
Event: 5761.564 GC heap before
{Heap before GC invocations=185 (full 0):
 garbage-first heap   total 248832K, used 205147K [0x0000000080000000, 0x0000000100000000)
  region size 1024K, 68 young (69632K), 1 survivors (1024K)
 Metaspace       used 148896K, capacity 153174K, committed 153420K, reserved 1183744K
  class space    used 18555K, capacity 20066K, committed 20096K, reserved 1048576K
}
Event: 5761.613 GC heap after
{Heap after GC invocations=186 (full 0):
 garbage-first heap   total 248832K, used 143275K [0x0000000080000000, 0x0000000100000000)
  region size 1024K, 9 young (9216K), 9 survivors (9216K)
 Metaspace       used 148896K, capacity 153174K, committed 153420K, reserved 1183744K
  class space    used 18555K, capacity 20066K, committed 20096K, reserved 1048576K
}
Event: 5761.709 GC heap before
{Heap before GC invocations=186 (full 0):
 garbage-first heap   total 248832K, used 146347K [0x0000000080000000, 0x0000000100000000)
  region size 1024K, 12 young (12288K), 9 survivors (9216K)
 Metaspace       used 148902K, capacity 153175K, committed 153420K, reserved 1183744K
  class space    used 18555K, capacity 20066K, committed 20096K, reserved 1048576K
}

